# JRE version: Java(TM) SE Runtime Environment (8.0_231-b11) (build 1.8.0_231-b11)
# Java VM: Java HotSpot(TM) 64-Bit Server VM (25.231-b11 mixed mode windows-amd64 compressed oops)
Heap:
 PSYoungGen      total 387072K, used 241570K [0x00000000d5d80000, 0x00000000ef680000, 0x0000000100000000)
  eden space 374272K, 61% used [0x00000000d5d80000,0x00000000e3d29c48,0x00000000ecb00000)
  from space 12800K, 97% used [0x00000000eea00000,0x00000000ef63eef0,0x00000000ef680000)
  to   space 21504K, 0% used [0x00000000ecc80000,0x00000000ecc80000,0x00000000ee180000)
 ParOldGen       total 126464K, used 25995K [0x0000000081800000, 0x0000000089380000, 0x00000000d5d80000)
  object space 126464K, 20% used [0x0000000081800000,0x0000000083162fe8,0x0000000089380000)
 Metaspace       used 62805K, capacity 66404K, committed 66728K, reserved 1105920K
  class space    used 8709K, capacity 9301K, committed 9384K, reserved 1048576K
GC Heap History (10 events):
Event: 30.605 GC heap before
{Heap before GC invocations=9 (full 2):
 PSYoungGen      total 218112K, used 10676K [0x00000000d5d80000, 0x00000000ead00000, 0x0000000100000000)
  eden space 202240K, 0% used [0x00000000d5d80000,0x00000000d5d80000,0x00000000e2300000)
  from space 15872K, 67% used [0x00000000e2300000,0x00000000e2d6d000,0x00000000e3280000)
  to   space 16384K, 0% used [0x00000000e9d00000,0x00000000e9d00000,0x00000000ead00000)
 ParOldGen       total 61440K, used 15751K [0x0000000081800000, 0x0000000085400000, 0x00000000d5d80000)
  object space 61440K, 25% used [0x0000000081800000,0x0000000082761de0,0x0000000085400000)
 Metaspace       used 33624K, capacity 35456K, committed 35496K, reserved 1079296K
  class space    used 4416K, capacity 4753K, committed 4776K, reserved 1048576K
Event: 30.896 GC heap after
Heap after GC invocations=9 (full 2):
 PSYoungGen      total 218112K, used 0K [0x00000000d5d80000, 0x00000000ead00000, 0x0000000100000000)
  eden space 202240K, 0% used [0x00000000d5d80000,0x00000000d5d80000,0x00000000e2300000)
  from space 15872K, 0% used [0x00000000e2300000,0x00000000e2300000,0x00000000e3280000)
  to   space 16384K, 0% used [0x00000000e9d00000,0x00000000e9d00000,0x00000000ead00000)
 ParOldGen       total 90112K, used 14701K [0x0000000081800000, 0x0000000087000000, 0x00000000d5d80000)
  object space 90112K, 16% used [0x0000000081800000,0x000000008265b480,0x0000000087000000)
 Metaspace       used 33624K, capacity 35456K, committed 35496K, reserved 1079296K
  class space    used 4416K, capacity 4753K, committed 4776K, reserved 1048576K
}
Event: 46.595 GC heap before
{Heap before GC invocations=10 (full 2):
 PSYoungGen      total 218112K, used 202240K [0x00000000d5d80000, 0x00000000ead00000, 0x0000000100000000)
  eden space 202240K, 100% used [0x00000000d5d80000,0x00000000e2300000,0x00000000e2300000)
  from space 15872K, 0% used [0x00000000e2300000,0x00000000e2300000,0x00000000e3280000)
  to   space 16384K, 0% used [0x00000000e9d00000,0x00000000e9d00000,0x00000000ead00000)
 ParOldGen       total 90112K, used 14701K [0x0000000081800000, 0x0000000087000000, 0x00000000d5d80000)
  object space 90112K, 16% used [0x0000000081800000,0x000000008265b480,0x0000000087000000)
 Metaspace       used 53974K, capacity 56714K, committed 56872K, reserved 1097728K
  class space    used 7472K, capacity 7970K, committed 7976K, reserved 1048576K
Event: 46.671 GC heap after
Heap after GC invocations=10 (full 2):
 PSYoungGen      total 312832K, used 16369K [0x00000000d5d80000, 0x00000000ead00000, 0x0000000100000000)
  eden space 296448K, 0% used [0x00000000d5d80000,0x00000000d5d80000,0x00000000e7f00000)
  from space 16384K, 99% used [0x00000000e9d00000,0x00000000eacfc428,0x00000000ead00000)
  to   space 22016K, 0% used [0x00000000e8200000,0x00000000e8200000,0x00000000e9780000)
 ParOldGen       total 90112K, used 22150K [0x0000000081800000, 0x0000000087000000, 0x00000000d5d80000)
  object space 90112K, 24% used [0x0000000081800000,0x0000000082da1a18,0x0000000087000000)
 Metaspace       used 53974K, capacity 56714K, committed 56872K, reserved 1097728K
  class space    used 7472K, capacity 7970K, committed 7976K, reserved 1048576K
}
Event: 48.855 GC heap before
{Heap before GC invocations=11 (full 2):
 PSYoungGen      total 312832K, used 93778K [0x00000000d5d80000, 0x00000000ead00000, 0x0000000100000000)
  eden space 296448K, 26% used [0x00000000d5d80000,0x00000000da918418,0x00000000e7f00000)
  from space 16384K, 99% used [0x00000000e9d00000,0x00000000eacfc428,0x00000000ead00000)
  to   space 22016K, 0% used [0x00000000e8200000,0x00000000e8200000,0x00000000e9780000)
 ParOldGen       total 90112K, used 22150K [0x0000000081800000, 0x0000000087000000, 0x00000000d5d80000)
  object space 90112K, 24% used [0x0000000081800000,0x0000000082da1a18,0x0000000087000000)
 Metaspace       used 56040K, capacity 59070K, committed 59160K, reserved 1099776K
  class space    used 7776K, capacity 8280K, committed 8360K, reserved 1048576K
Event: 48.894 GC heap after
Heap after GC invocations=11 (full 2):
 PSYoungGen      total 321536K, used 12961K [0x00000000d5d80000, 0x00000000eff80000, 0x0000000100000000)
  eden space 299520K, 0% used [0x00000000d5d80000,0x00000000d5d80000,0x00000000e8200000)
  from space 22016K, 58% used [0x00000000e8200000,0x00000000e8ea8690,0x00000000e9780000)
  to   space 22016K, 0% used [0x00000000eea00000,0x00000000eea00000,0x00000000eff80000)
 ParOldGen       total 90112K, used 22150K [0x0000000081800000, 0x0000000087000000, 0x00000000d5d80000)
  object space 90112K, 24% used [0x0000000081800000,0x0000000082da1a18,0x0000000087000000)
 Metaspace       used 56040K, capacity 59070K, committed 59160K, reserved 1099776K
  class space    used 7776K, capacity 8280K, committed 8360K, reserved 1048576K
}
Event: 48.894 GC heap before
{Heap before GC invocations=12 (full 3):
 PSYoungGen      total 321536K, used 12961K [0x00000000d5d80000, 0x00000000eff80000, 0x0000000100000000)
  eden space 299520K, 0% used [0x00000000d5d80000,0x00000000d5d80000,0x00000000e8200000)
  from space 22016K, 58% used [0x00000000e8200000,0x00000000e8ea8690,0x00000000e9780000)
  to   space 22016K, 0% used [0x00000000eea00000,0x00000000eea00000,0x00000000eff80000)
 ParOldGen       total 90112K, used 22150K [0x0000000081800000, 0x0000000087000000, 0x00000000d5d80000)
  object space 90112K, 24% used [0x0000000081800000,0x0000000082da1a18,0x0000000087000000)
 Metaspace       used 56040K, capacity 59070K, committed 59160K, reserved 1099776K
  class space    used 7776K, capacity 8280K, committed 8360K, reserved 1048576K
Event: 49.310 GC heap after
Heap after GC invocations=12 (full 3):
 PSYoungGen      total 321536K, used 0K [0x00000000d5d80000, 0x00000000eff80000, 0x0000000100000000)
  eden space 299520K, 0% used [0x00000000d5d80000,0x00000000d5d80000,0x00000000e8200000)
  from space 22016K, 0% used [0x00000000e8200000,0x00000000e8200000,0x00000000e9780000)
  to   space 22016K, 0% used [0x00000000eea00000,0x00000000eea00000,0x00000000eff80000)
 ParOldGen       total 126464K, used 25987K [0x0000000081800000, 0x0000000089380000, 0x00000000d5d80000)
  object space 126464K, 20% used [0x0000000081800000,0x0000000083160fe8,0x0000000089380000)
 Metaspace       used 56040K, capacity 59070K, committed 59160K, reserved 1099776K
  class space    used 7776K, capacity 8280K, committed 8360K, reserved 1048576K
}
Event: 2067.453 GC heap before
{Heap before GC invocations=13 (full 3):
 PSYoungGen      total 321536K, used 299520K [0x00000000d5d80000, 0x00000000eff80000, 0x0000000100000000)
  eden space 299520K, 100% used [0x00000000d5d80000,0x00000000e8200000,0x00000000e8200000)
  from space 22016K, 0% used [0x00000000e8200000,0x00000000e8200000,0x00000000e9780000)
  to   space 22016K, 0% used [0x00000000eea00000,0x00000000eea00000,0x00000000eff80000)
 ParOldGen       total 126464K, used 25987K [0x0000000081800000, 0x0000000089380000, 0x00000000d5d80000)
  object space 126464K, 20% used [0x0000000081800000,0x0000000083160fe8,0x0000000089380000)
 Metaspace       used 62721K, capacity 66270K, committed 66472K, reserved 1105920K
  class space    used 8709K, capacity 9300K, committed 9384K, reserved 1048576K
Event: 2083.269 GC heap after
Heap after GC invocations=13 (full 3):
 PSYoungGen      total 387072K, used 12539K [0x00000000d5d80000, 0x00000000ef680000, 0x0000000100000000)
  eden space 374272K, 0% used [0x00000000d5d80000,0x00000000d5d80000,0x00000000ecb00000)
  from space 12800K, 97% used [0x00000000eea00000,0x00000000ef63eef0,0x00000000ef680000)
  to   space 21504K, 0% used [0x00000000ecc80000,0x00000000ecc80000,0x00000000ee180000)
 ParOldGen       total 126464K, used 25995K [0x0000000081800000, 0x0000000089380000, 0x00000000d5d80000)
  object space 126464K, 20% used [0x0000000081800000,0x0000000083162fe8,0x0000000089380000)
 Metaspace       used 62721K, capacity 66270K, committed 66472K, reserved 1105920K
  class space    used 8709K, capacity 9300K, committed 9384K, reserved 1048576K
}

